[debug] [2024-02-16T15:32:54.283Z] ----------------------------------------------------------------------
[debug] [2024-02-16T15:32:54.286Z] Command:       C:\Program Files\nodejs\node.exe C:\Users\amorf\AppData\Roaming\npm\node_modules\firebase-tools\lib\bin\firebase.js init
[debug] [2024-02-16T15:32:54.286Z] CLI Version:   13.3.0
[debug] [2024-02-16T15:32:54.286Z] Platform:      win32
[debug] [2024-02-16T15:32:54.286Z] Node Version:  v20.11.0
[debug] [2024-02-16T15:32:54.286Z] Time:          Fri Feb 16 2024 16:32:54 GMT+0100 (heure normale d’Europe centrale)
[debug] [2024-02-16T15:32:54.287Z] ----------------------------------------------------------------------
[debug] 
[debug] [2024-02-16T15:32:54.289Z] >>> [apiv2][query] GET https://firebase-public.firebaseio.com/cli.json [none]
[debug] [2024-02-16T15:32:54.330Z] > command requires scopes: ["email","openid","https://www.googleapis.com/auth/cloudplatformprojects.readonly","https://www.googleapis.com/auth/firebase","https://www.googleapis.com/auth/cloud-platform"]
[debug] [2024-02-16T15:32:54.331Z] > authorizing via signed-in user (numinosum@gmail.com)
[info] 
     ######## #### ########  ######## ########     ###     ######  ########
     ##        ##  ##     ## ##       ##     ##  ##   ##  ##       ##
     ######    ##  ########  ######   ########  #########  ######  ######
     ##        ##  ##    ##  ##       ##     ## ##     ##       ## ##
     ##       #### ##     ## ######## ########  ##     ##  ######  ########

You're about to initialize a Firebase project in this directory:

  C:\Users\amorf\OneDrive\Dokumenty\test-app

[debug] [2024-02-16T15:32:54.893Z] <<< [apiv2][status] GET https://firebase-public.firebaseio.com/cli.json 200
[debug] [2024-02-16T15:32:54.893Z] <<< [apiv2][body] GET https://firebase-public.firebaseio.com/cli.json {"cloudBuildErrorAfter":1594252800000,"cloudBuildWarnAfter":1590019200000,"defaultNode10After":1594252800000,"minVersion":"3.0.5","node8DeploysDisabledAfter":1613390400000,"node8RuntimeDisabledAfter":1615809600000,"node8WarnAfter":1600128000000}
[info] 
=== Project Setup
[info] 
[info] First, let's associate this project directory with a Firebase project.
[info] You can create multiple project aliases by running firebase use --add, 
[info] but for now we'll just set up a default project.
[info] 
[debug] [2024-02-16T15:33:32.583Z] > refreshing access token with scopes: []
[debug] [2024-02-16T15:33:32.584Z] >>> [apiv2][query] POST https://www.googleapis.com/oauth2/v3/token [none]
[debug] [2024-02-16T15:33:32.584Z] >>> [apiv2][body] POST https://www.googleapis.com/oauth2/v3/token [omitted]
[debug] [2024-02-16T15:33:32.739Z] <<< [apiv2][status] POST https://www.googleapis.com/oauth2/v3/token 200
[debug] [2024-02-16T15:33:32.739Z] <<< [apiv2][body] POST https://www.googleapis.com/oauth2/v3/token [omitted]
[debug] [2024-02-16T15:33:32.745Z] >>> [apiv2][query] GET https://firebase.googleapis.com/v1beta1/projects pageSize=100
[debug] [2024-02-16T15:33:33.208Z] <<< [apiv2][status] GET https://firebase.googleapis.com/v1beta1/projects 200
[debug] [2024-02-16T15:33:33.209Z] <<< [apiv2][body] GET https://firebase.googleapis.com/v1beta1/projects [omitted]
[info] i  Using project test-c1bf8 (test) 
[info] 
=== Hosting Setup
[debug] [2024-02-16T15:33:47.545Z] >>> [apiv2][query] GET https://firebase.googleapis.com/v1beta1/projects/test-c1bf8 [none]
[debug] [2024-02-16T15:33:47.798Z] <<< [apiv2][status] GET https://firebase.googleapis.com/v1beta1/projects/test-c1bf8 200
[debug] [2024-02-16T15:33:47.798Z] <<< [apiv2][body] GET https://firebase.googleapis.com/v1beta1/projects/test-c1bf8 {"projectId":"test-c1bf8","projectNumber":"302921975848","displayName":"test","name":"projects/test-c1bf8","resources":{"hostingSite":"test-c1bf8"},"state":"ACTIVE","etag":"1_c9f9880c-1b6e-4945-a453-e63044333a6d"}
[info] 
[info] Your public directory is the folder (relative to your project directory) that
[info] will contain Hosting assets to be uploaded with firebase deploy. If you
[info] have a build process for your assets, use your build's output directory.
[info] 
[info] +  Wrote dist/404.html 
[debug] [2024-02-16T15:37:18.710Z] >>> [apiv2][query] GET https://www.gstatic.com/firebasejs/releases.json [none]
[debug] [2024-02-16T15:37:18.996Z] <<< [apiv2][status] GET https://www.gstatic.com/firebasejs/releases.json 200
[debug] [2024-02-16T15:37:18.996Z] <<< [apiv2][body] GET https://www.gstatic.com/firebasejs/releases.json {"current":{"version":"10.8.0","browserURL":"https://www.gstatic.com/firebasejs/10.8.0/firebase.js","packageURL":"https://www.gstatic.com/firebasejs/10.8.0/firebase.tgz"},"live":{"version":"10.8","browserURL":"https://www.gstatic.com/firebasejs/live/10.8/firebase.js","packageURL":"https://www.gstatic.com/firebasejs/live/10.8/firebase.tgz"},"components":{"analytics":"https://www.gstatic.com/firebasejs/10.8.0/firebase-analytics.js","app":"https://www.gstatic.com/firebasejs/10.8.0/firebase-app.js","app-check":"https://www.gstatic.com/firebasejs/10.8.0/firebase-app-check.js","auth":"https://www.gstatic.com/firebasejs/10.8.0/firebase-auth.js","auth/cordova":"https://www.gstatic.com/firebasejs/10.8.0/firebase-auth/cordova.js","auth/web-extension":"https://www.gstatic.com/firebasejs/10.8.0/firebase-auth/web-extension.js","functions":"https://www.gstatic.com/firebasejs/10.8.0/firebase-functions.js","firestore":"https://www.gstatic.com/firebasejs/10.8.0/firebase-firestore.js","firestore/lite":"https://www.gstatic.com/firebasejs/10.8.0/firebase-firestore/lite.js","installations":"https://www.gstatic.com/firebasejs/10.8.0/firebase-installations.js","storage":"https://www.gstatic.com/firebasejs/10.8.0/firebase-storage.js","performance":"https://www.gstatic.com/firebasejs/10.8.0/firebase-performance.js","remote-config":"https://www.gstatic.com/firebasejs/10.8.0/firebase-remote-config.js","messaging":"https://www.gstatic.com/firebasejs/10.8.0/firebase-messaging.js","messaging/sw":"https://www.gstatic.com/firebasejs/10.8.0/firebase-messaging/sw.js","database":"https://www.gstatic.com/firebasejs/10.8.0/firebase-database.js","firestore.memory":"https://www.gstatic.com/firebasejs/10.8.0/firebase-firestore.memory.js"}}
[info] i  Skipping write of dist/index.html 
[info] 
[info] i  Didn't detect a .git folder. Assuming C:\Users\amorf\OneDrive\Dokumenty\test-app is the project root. 
[info] i  Authorizing with GitHub to upload your service account to a GitHub repository's secrets store. 
[info] 
[info] Visit this URL on this device to log in:
[info] https://github.com/login/oauth/authorize?client_id=89cf50f02ac6aaed3484&state=83819978&redirect_uri=http%3A%2F%2Flocalhost%3A9005&scope=read%3Auser%20repo%20public_repo
[info] 
[info] Waiting for authentication...
[debug] [2024-02-16T15:37:23.985Z] >>> [apiv2][query] POST https://github.com/login/oauth/access_token [none]
[debug] [2024-02-16T15:37:23.985Z] >>> [apiv2][body] POST https://github.com/login/oauth/access_token [stream]
[debug] [2024-02-16T15:37:25.256Z] <<< [apiv2][status] POST https://github.com/login/oauth/access_token 200
[debug] [2024-02-16T15:37:25.256Z] <<< [apiv2][body] POST https://github.com/login/oauth/access_token {"access_token":"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","token_type":"bearer","scope":"read:user,repo"}
[debug] [2024-02-16T15:37:25.262Z] >>> [apiv2][query] GET https://api.github.com/user [none]
[debug] [2024-02-16T15:37:26.570Z] <<< [apiv2][status] GET https://api.github.com/user 200
[debug] [2024-02-16T15:37:26.571Z] <<< [apiv2][body] GET https://api.github.com/user {"login":"vusia","id":29348640,"node_id":"MDQ6VXNlcjI5MzQ4NjQw","avatar_url":"https://avatars.githubusercontent.com/u/29348640?v=4","gravatar_id":"","url":"https://api.github.com/users/vusia","html_url":"https://github.com/vusia","followers_url":"https://api.github.com/users/vusia/followers","following_url":"https://api.github.com/users/vusia/following{/other_user}","gists_url":"https://api.github.com/users/vusia/gists{/gist_id}","starred_url":"https://api.github.com/users/vusia/starred{/owner}{/repo}","subscriptions_url":"https://api.github.com/users/vusia/subscriptions","organizations_url":"https://api.github.com/users/vusia/orgs","repos_url":"https://api.github.com/users/vusia/repos","events_url":"https://api.github.com/users/vusia/events{/privacy}","received_events_url":"https://api.github.com/users/vusia/received_events","type":"User","site_admin":false,"name":"eva_glazewska","company":null,"blog":"","location":null,"email":null,"hireable":null,"bio":null,"twitter_username":null,"public_repos":3,"public_gists":0,"followers":0,"following":0,"created_at":"2017-06-11T04:03:54Z","updated_at":"2024-02-16T08:39:04Z","private_gists":0,"total_private_repos":1,"owned_private_repos":1,"disk_usage":3590,"collaborators":0,"two_factor_authentication":false,"plan":{"name":"free","space":976562499,"collaborators":0,"private_repos":10000}}
[info] 
[info] +  Success! Logged into GitHub as vusia 
[info] 
